<?xml version="1.0" encoding="UTF-8"?>
<!-- Generated by org.testng.reporters.JUnitXMLReporter -->
<testsuite ignored="0" hostname="DESKTOP-QMGPC7Q" failures="1" tests="3" name="Default test(failed)" time="63.024" errors="0" timestamp="2022-06-19T15:00:01 IST">
  <testcase classname="test.ZerodhaHomePagetest" name="homepagebuyfromwatchlisttest" time="18.513">
    <failure type="org.openqa.selenium.TimeoutException" message="Expected condition failed: waiting for visibility of [[ChromeDriver: chrome on WINDOWS (a3d8dd9ae5e2aeeadcc539b845a90f73)] -&amp;gt; xpath: //span[@data-balloon=&amp;apos;Buy (B)&amp;apos;]] (tried for 3 second(s) with 100 milliseconds interval)
Build info: version: &amp;apos;4.1.4&amp;apos;, revision: &amp;apos;535d840ee2&amp;apos;
System info: host: &amp;apos;DESKTOP-QMGPC7Q&amp;apos;, ip: &amp;apos;192.168.43.80&amp;apos;, os.name: &amp;apos;Windows 10&amp;apos;, os.arch: &amp;apos;amd64&amp;apos;, os.version: &amp;apos;10.0&amp;apos;, java.version: &amp;apos;17.0.2&amp;apos;
Driver info: driver.version: unknown">
      <![CDATA[org.openqa.selenium.TimeoutException: Expected condition failed: waiting for visibility of [[ChromeDriver: chrome on WINDOWS (a3d8dd9ae5e2aeeadcc539b845a90f73)] -> xpath: //span[@data-balloon='Buy (B)']] (tried for 3 second(s) with 100 milliseconds interval)
Build info: version: '4.1.4', revision: '535d840ee2'
System info: host: 'DESKTOP-QMGPC7Q', ip: '192.168.43.80', os.name: 'Windows 10', os.arch: 'amd64', os.version: '10.0', java.version: '17.0.2'
Driver info: driver.version: unknown
at org.openqa.selenium.support.ui.FluentWait.timeoutException(FluentWait.java:263)
at org.openqa.selenium.support.ui.FluentWait.until(FluentWait.java:231)
at utility.Waitapply.waitApply(Waitapply.java:17)
at pom.ZerodhaHomePage.clickonfirstBuy(ZerodhaHomePage.java:44)
at test.ZerodhaHomePagetest.homepagebuyfromwatchlisttest(ZerodhaHomePagetest.java:91)
at java.base/java.util.ArrayList.forEach(ArrayList.java:1511)
... Removed 27 stack frames]]>
    </failure>
  </testcase> <!-- homepagebuyfromwatchlisttest -->
  <testcase classname="test.ZerodhaHomePagetest" name="homePageChartCheckfromWatchlist" time="8.511"/>
  <testcase classname="test.ZerodhaHomePagetest" name="homepageBuyandselltest" time="8.219"/>
</testsuite> <!-- Default test(failed) -->
